============================= test session starts ==============================
platform darwin -- Python 3.12.3, pytest-9.0.3, pluggy-1.6.0 -- /Users/mg/mg-work/manav/work/ai-experiments/wikimind/.claude/worktrees/agent-a28a11fd/.venv/bin/python
cachedir: .pytest_cache
rootdir: /Users/mg/mg-work/manav/work/ai-experiments/wikimind/.claude/worktrees/agent-a28a11fd
configfile: pyproject.toml
plugins: cov-7.1.0, timeout-2.4.0, asyncio-1.3.0, anyio-4.13.0
timeout: 30.0s
timeout method: signal
timeout func_only: False
asyncio: mode=Mode.AUTO, debug=False, asyncio_default_fixture_loop_scope=None, asyncio_default_test_loop_scope=function
collecting ... collected 16 items

tests/unit/test_mcp_server.py::TestWikiSearch::test_search_returns_results PASSED [  6%]
tests/unit/test_mcp_server.py::TestWikiSearch::test_search_short_query_returns_error PASSED [ 12%]
tests/unit/test_mcp_server.py::TestWikiSearch::test_search_clamps_limit PASSED [ 18%]
tests/unit/test_mcp_server.py::TestWikiGetArticle::test_get_article_by_slug PASSED [ 25%]
tests/unit/test_mcp_server.py::TestWikiGetArticle::test_get_article_not_found PASSED [ 31%]
tests/unit/test_mcp_server.py::TestWikiListSources::test_list_sources_returns_results PASSED [ 37%]
tests/unit/test_mcp_server.py::TestWikiListSources::test_list_sources_empty PASSED [ 43%]
tests/unit/test_mcp_server.py::TestWikiListSources::test_list_sources_clamps_limit PASSED [ 50%]
tests/unit/test_mcp_server.py::TestMCPCli::test_mcp_help PASSED          [ 56%]
tests/unit/test_mcp_server.py::TestMCPCli::test_mcp_config PASSED        [ 62%]
tests/unit/test_mcp_server.py::TestMCPCli::test_mcp_serve_help PASSED    [ 68%]
tests/unit/test_mcp_server.py::TestMCPServerRegistration::test_server_has_expected_name PASSED [ 75%]
tests/unit/test_mcp_server.py::TestMCPServerRegistration::test_server_has_instructions PASSED [ 81%]
tests/unit/test_mcp_server.py::TestMCPServerRegistration::test_server_lists_tools PASSED [ 87%]
tests/unit/test_mcp_server.py::TestMCPServerRegistration::test_tool_descriptions_present PASSED [ 93%]
tests/unit/test_mcp_server.py::TestMCPServerRegistration::test_tool_schemas_have_parameters PASSED [100%]

=============================== warnings summary ===============================
<frozen importlib._bootstrap>:488
<frozen importlib._bootstrap>:488
  <frozen importlib._bootstrap>:488: DeprecationWarning: builtin type SwigPyPacked has no __module__ attribute

<frozen importlib._bootstrap>:488
<frozen importlib._bootstrap>:488
  <frozen importlib._bootstrap>:488: DeprecationWarning: builtin type SwigPyObject has no __module__ attribute

<frozen importlib._bootstrap>:488
  <frozen importlib._bootstrap>:488: DeprecationWarning: builtin type swigvarlink has no __module__ attribute

-- Docs: https://docs.pytest.org/en/stable/how-to/capture-warnings.html
======================== 16 passed, 5 warnings in 0.31s ========================
